  ofxBaseGui.cpp
  ofxButton.cpp
  ofxColorPicker.cpp
  ofxGuiGroup.cpp
  ofxInputField.cpp
  ofxLabel.cpp
  ofxPanel.cpp
  ofxSlider.cpp
  ofxSliderGroup.cpp
  ofxToggle.cpp
  Brain.cpp
  dot.cpp
  main.cpp
  ofApp.cpp
c:\users\lawre\documents\github\genetic_algorithm_mars_lander\openframeworks\of_v0.10.1_vs2017_release\addons\ofxgui\src\ofxinputfield.cpp(276): warning C4018: '<': signed/unsigned mismatch
  c:\users\lawre\documents\github\genetic_algorithm_mars_lander\openframeworks\of_v0.10.1_vs2017_release\addons\ofxgui\src\ofxinputfield.cpp(265): note: while compiling class template member function 'void ofxInputField<float>::moveCursor(int)'
  c:\users\lawre\documents\github\genetic_algorithm_mars_lander\openframeworks\of_v0.10.1_vs2017_release\addons\ofxgui\src\ofxinputfield.cpp(368): note: see reference to function template instantiation 'void ofxInputField<float>::moveCursor(int)' being compiled
  c:\users\lawre\documents\github\genetic_algorithm_mars_lander\openframeworks\of_v0.10.1_vs2017_release\addons\ofxgui\src\ofxinputfield.cpp(804): note: see reference to class template instantiation 'ofxInputField<float>' being compiled
  population.cpp
c:\users\lawre\documents\github\genetic_algorithm_mars_lander\ofgeneticalgorithm\ofgeneticalgorithm\src\population.cpp(100): warning C4715: 'Population::selectParent': not all control paths return a value
     Creating library bin\OFGeneticAlgorithm_debug.lib and object bin\OFGeneticAlgorithm_debug.exp
  OFGeneticAlgorithm.vcxproj -> C:\Users\lawre\Documents\GitHub\Genetic_Algorithm_Mars_Lander\OFGeneticAlgorithm\OFGeneticAlgorithm\bin\OFGeneticAlgorithm_debug.exe
  
  	                   2	C:\Users\lawre\Desktop\GeneticAlgorithms\openframeworks\of_v0.10.1_vs2017_release\libs\fmodex\lib\vs\Win32\
  	  *EXTRA File 		 6018560	C:\Users\lawre\Documents\GitHub\Genetic_Algorithm_Mars_Lander\OFGeneticAlgorithm\OFGeneticAlgorithm\bin\FreeImage.dll
  
  	                   1	C:\Users\lawre\Desktop\GeneticAlgorithms\openframeworks\of_v0.10.1_vs2017_release\libs\FreeImage\lib\vs\Win32\
  	  *EXTRA File 		 1266176	C:\Users\lawre\Documents\GitHub\Genetic_Algorithm_Mars_Lander\OFGeneticAlgorithm\OFGeneticAlgorithm\bin\fmodex.dll
  	  *EXTRA File 		 1312768	C:\Users\lawre\Documents\GitHub\Genetic_Algorithm_Mars_Lander\OFGeneticAlgorithm\OFGeneticAlgorithm\bin\fmodexL.dll
